  [1m[35m (384.5ms)[0m  [1m[35mCREATE DATABASE "kartashkolnika_development" ENCODING = 'unicode'[0m
  ↳ /Users/gordano/.rbenv/versions/2.5.1/bin/rake:23
  [1m[35m (299.0ms)[0m  [1m[35mCREATE DATABASE "kartashkolnika_test" ENCODING = 'unicode'[0m
  ↳ /Users/gordano/.rbenv/versions/2.5.1/bin/rake:23
Started GET "/" for 127.0.0.1 at 2018-07-18 20:19:03 +0300
Processing by Rails::WelcomeController#index as HTML
  Rendering /Users/gordano/.rbenv/versions/2.5.1/lib/ruby/gems/2.5.0/gems/railties-5.2.0/lib/rails/templates/rails/welcome/index.html.erb
  Rendered /Users/gordano/.rbenv/versions/2.5.1/lib/ruby/gems/2.5.0/gems/railties-5.2.0/lib/rails/templates/rails/welcome/index.html.erb (5.7ms)
Completed 200 OK in 31ms (Views: 17.1ms | ActiveRecord: 0.0ms)


  [1m[35m (20.7ms)[0m  [1m[35mCREATE TABLE "schema_migrations" ("version" character varying NOT NULL PRIMARY KEY)[0m
  ↳ bin/rails:9
  [1m[35m (3.4ms)[0m  [1m[35mCREATE TABLE "ar_internal_metadata" ("key" character varying NOT NULL PRIMARY KEY, "value" character varying, "created_at" timestamp NOT NULL, "updated_at" timestamp NOT NULL)[0m
  ↳ bin/rails:9
  [1m[35m (1.0ms)[0m  [1m[34mSELECT pg_try_advisory_lock(7139106108978734415)[0m
  ↳ bin/rails:9
  [1m[35m (1.2ms)[0m  [1m[34mSELECT "schema_migrations"."version" FROM "schema_migrations" ORDER BY "schema_migrations"."version" ASC[0m
  ↳ bin/rails:9
Migrating to DeviseCreateUsers (20180718173412)
  [1m[35m (0.2ms)[0m  [1m[35mBEGIN[0m
  ↳ bin/rails:9
  [1m[35m (6.3ms)[0m  [1m[35mCREATE TABLE "users" ("id" bigserial primary key, "email" character varying DEFAULT '' NOT NULL, "encrypted_password" character varying DEFAULT '' NOT NULL, "reset_password_token" character varying, "reset_password_sent_at" timestamp, "remember_created_at" timestamp, "sign_in_count" integer DEFAULT 0 NOT NULL, "current_sign_in_at" timestamp, "last_sign_in_at" timestamp, "current_sign_in_ip" inet, "last_sign_in_ip" inet, "created_at" timestamp NOT NULL, "updated_at" timestamp NOT NULL)[0m
  ↳ db/migrate/20180718173412_devise_create_users.rb:5
  [1m[35m (1.3ms)[0m  [1m[35mCREATE UNIQUE INDEX  "index_users_on_email" ON "users"  ("email")[0m
  ↳ db/migrate/20180718173412_devise_create_users.rb:39
  [1m[35m (0.9ms)[0m  [1m[35mCREATE UNIQUE INDEX  "index_users_on_reset_password_token" ON "users"  ("reset_password_token")[0m
  ↳ db/migrate/20180718173412_devise_create_users.rb:40
  [1m[36mActiveRecord::SchemaMigration Create (1.2ms)[0m  [1m[32mINSERT INTO "schema_migrations" ("version") VALUES ($1) RETURNING "version"[0m  [["version", "20180718173412"]]
  ↳ bin/rails:9
  [1m[35m (0.6ms)[0m  [1m[35mCOMMIT[0m
  ↳ bin/rails:9
  [1m[36mActiveRecord::InternalMetadata Load (0.5ms)[0m  [1m[34mSELECT  "ar_internal_metadata".* FROM "ar_internal_metadata" WHERE "ar_internal_metadata"."key" = $1 LIMIT $2[0m  [["key", "environment"], ["LIMIT", 1]]
  ↳ bin/rails:9
  [1m[35m (0.9ms)[0m  [1m[35mBEGIN[0m
  ↳ bin/rails:9
  [1m[36mActiveRecord::InternalMetadata Create (0.6ms)[0m  [1m[32mINSERT INTO "ar_internal_metadata" ("key", "value", "created_at", "updated_at") VALUES ($1, $2, $3, $4) RETURNING "key"[0m  [["key", "environment"], ["value", "development"], ["created_at", "2018-07-18 17:34:29.316226"], ["updated_at", "2018-07-18 17:34:29.316226"]]
  ↳ bin/rails:9
  [1m[35m (0.4ms)[0m  [1m[35mCOMMIT[0m
  ↳ bin/rails:9
  [1m[35m (0.3ms)[0m  [1m[34mSELECT pg_advisory_unlock(7139106108978734415)[0m
  ↳ bin/rails:9
  [1m[35m (0.4ms)[0m  [1m[34mSELECT "schema_migrations"."version" FROM "schema_migrations" ORDER BY "schema_migrations"."version" ASC[0m
  ↳ bin/rails:9
  [1m[35m (0.4ms)[0m  [1m[34mSELECT pg_try_advisory_lock(7139106108978734415)[0m
  ↳ /Users/gordano/.rbenv/versions/2.5.1/bin/rake:23
  [1m[35m (1.2ms)[0m  [1m[34mSELECT "schema_migrations"."version" FROM "schema_migrations" ORDER BY "schema_migrations"."version" ASC[0m
  ↳ /Users/gordano/.rbenv/versions/2.5.1/bin/rake:23
Migrating to DeviseCreateAdminUsers (20180718173514)
  [1m[35m (0.3ms)[0m  [1m[35mBEGIN[0m
  ↳ /Users/gordano/.rbenv/versions/2.5.1/bin/rake:23
  [1m[35m (5.9ms)[0m  [1m[35mCREATE TABLE "admin_users" ("id" bigserial primary key, "email" character varying DEFAULT '' NOT NULL, "encrypted_password" character varying DEFAULT '' NOT NULL, "reset_password_token" character varying, "reset_password_sent_at" timestamp, "remember_created_at" timestamp, "sign_in_count" integer DEFAULT 0 NOT NULL, "current_sign_in_at" timestamp, "last_sign_in_at" timestamp, "current_sign_in_ip" inet, "last_sign_in_ip" inet, "created_at" timestamp NOT NULL, "updated_at" timestamp NOT NULL)[0m
  ↳ db/migrate/20180718173514_devise_create_admin_users.rb:5
  [1m[35m (0.9ms)[0m  [1m[35mCREATE UNIQUE INDEX  "index_admin_users_on_email" ON "admin_users"  ("email")[0m
  ↳ db/migrate/20180718173514_devise_create_admin_users.rb:39
  [1m[35m (1.5ms)[0m  [1m[35mCREATE UNIQUE INDEX  "index_admin_users_on_reset_password_token" ON "admin_users"  ("reset_password_token")[0m
  ↳ db/migrate/20180718173514_devise_create_admin_users.rb:40
  [1m[36mActiveRecord::SchemaMigration Create (0.6ms)[0m  [1m[32mINSERT INTO "schema_migrations" ("version") VALUES ($1) RETURNING "version"[0m  [["version", "20180718173514"]]
  ↳ /Users/gordano/.rbenv/versions/2.5.1/bin/rake:23
  [1m[35m (1.1ms)[0m  [1m[35mCOMMIT[0m
  ↳ /Users/gordano/.rbenv/versions/2.5.1/bin/rake:23
Migrating to CreateActiveAdminComments (20180718173516)
  [1m[35m (0.4ms)[0m  [1m[35mBEGIN[0m
  ↳ /Users/gordano/.rbenv/versions/2.5.1/bin/rake:23
  [1m[35m (4.9ms)[0m  [1m[35mCREATE TABLE "active_admin_comments" ("id" bigserial primary key, "namespace" character varying, "body" text, "resource_type" character varying, "resource_id" bigint, "author_type" character varying, "author_id" bigint, "created_at" timestamp NOT NULL, "updated_at" timestamp NOT NULL)[0m
  ↳ db/migrate/20180718173516_create_active_admin_comments.rb:3
  [1m[35m (1.2ms)[0m  [1m[35mCREATE  INDEX  "index_active_admin_comments_on_resource_type_and_resource_id" ON "active_admin_comments"  ("resource_type", "resource_id")[0m
  ↳ db/migrate/20180718173516_create_active_admin_comments.rb:3
  [1m[35m (1.6ms)[0m  [1m[35mCREATE  INDEX  "index_active_admin_comments_on_author_type_and_author_id" ON "active_admin_comments"  ("author_type", "author_id")[0m
  ↳ db/migrate/20180718173516_create_active_admin_comments.rb:3
  [1m[35m (3.9ms)[0m  [1m[35mCREATE  INDEX  "index_active_admin_comments_on_namespace" ON "active_admin_comments"  ("namespace")[0m
  ↳ db/migrate/20180718173516_create_active_admin_comments.rb:10
  [1m[36mActiveRecord::SchemaMigration Create (0.6ms)[0m  [1m[32mINSERT INTO "schema_migrations" ("version") VALUES ($1) RETURNING "version"[0m  [["version", "20180718173516"]]
  ↳ /Users/gordano/.rbenv/versions/2.5.1/bin/rake:23
  [1m[35m (0.8ms)[0m  [1m[35mCOMMIT[0m
  ↳ /Users/gordano/.rbenv/versions/2.5.1/bin/rake:23
  [1m[36mActiveRecord::InternalMetadata Load (1.1ms)[0m  [1m[34mSELECT  "ar_internal_metadata".* FROM "ar_internal_metadata" WHERE "ar_internal_metadata"."key" = $1 LIMIT $2[0m  [["key", "environment"], ["LIMIT", 1]]
  ↳ /Users/gordano/.rbenv/versions/2.5.1/bin/rake:23
  [1m[35m (0.3ms)[0m  [1m[35mBEGIN[0m
  ↳ /Users/gordano/.rbenv/versions/2.5.1/bin/rake:23
  [1m[35m (0.2ms)[0m  [1m[35mCOMMIT[0m
  ↳ /Users/gordano/.rbenv/versions/2.5.1/bin/rake:23
  [1m[35m (0.3ms)[0m  [1m[34mSELECT pg_advisory_unlock(7139106108978734415)[0m
  ↳ /Users/gordano/.rbenv/versions/2.5.1/bin/rake:23
  [1m[35m (0.3ms)[0m  [1m[34mSELECT "schema_migrations"."version" FROM "schema_migrations" ORDER BY "schema_migrations"."version" ASC[0m
  ↳ /Users/gordano/.rbenv/versions/2.5.1/bin/rake:23
Started GET "/" for 127.0.0.1 at 2018-07-18 20:35:52 +0300
  [1m[35m (0.8ms)[0m  [1m[34mSELECT "schema_migrations"."version" FROM "schema_migrations" ORDER BY "schema_migrations"."version" ASC[0m
  ↳ /Users/gordano/.rbenv/versions/2.5.1/lib/ruby/gems/2.5.0/gems/activerecord-5.2.0/lib/active_record/log_subscriber.rb:98
Processing by Rails::WelcomeController#index as HTML
  Rendering /Users/gordano/.rbenv/versions/2.5.1/lib/ruby/gems/2.5.0/gems/railties-5.2.0/lib/rails/templates/rails/welcome/index.html.erb
  Rendered /Users/gordano/.rbenv/versions/2.5.1/lib/ruby/gems/2.5.0/gems/railties-5.2.0/lib/rails/templates/rails/welcome/index.html.erb (4.2ms)
Completed 200 OK in 30ms (Views: 12.0ms | ActiveRecord: 0.0ms)


Started GET "/admin" for 127.0.0.1 at 2018-07-18 20:35:56 +0300
Processing by Admin::DashboardController#index as HTML
Completed 401 Unauthorized in 5ms (ActiveRecord: 0.0ms)


Started GET "/admin/login" for 127.0.0.1 at 2018-07-18 20:35:56 +0300
Processing by ActiveAdmin::Devise::SessionsController#new as HTML
  Rendering /Users/gordano/.rbenv/versions/2.5.1/lib/ruby/gems/2.5.0/gems/activeadmin-1.3.0/app/views/active_admin/devise/sessions/new.html.erb within layouts/active_admin_logged_out
  Rendered /Users/gordano/.rbenv/versions/2.5.1/lib/ruby/gems/2.5.0/gems/activeadmin-1.3.0/app/views/active_admin/devise/shared/_links.erb (1.2ms)
  Rendered /Users/gordano/.rbenv/versions/2.5.1/lib/ruby/gems/2.5.0/gems/activeadmin-1.3.0/app/views/active_admin/devise/sessions/new.html.erb within layouts/active_admin_logged_out (74.9ms)
Completed 200 OK in 10027ms (Views: 9982.7ms | ActiveRecord: 11.3ms)


Started POST "/admin/login" for 127.0.0.1 at 2018-07-18 20:36:35 +0300
Processing by ActiveAdmin::Devise::SessionsController#create as HTML
  Parameters: {"utf8"=>"✓", "authenticity_token"=>"M3wXnC+cP67PHKAAANa6b6ycQ1bsUVa8ajMx1LNWFAr5G/ua1vguA7qtoMYru5jxzFNHpsMXyR44nTGcQD+UyQ==", "admin_user"=>{"email"=>"admin@example.com", "password"=>"[FILTERED]", "remember_me"=>"0"}, "commit"=>"Login"}
  [1m[36mAdminUser Load (2.1ms)[0m  [1m[34mSELECT  "admin_users".* FROM "admin_users" WHERE "admin_users"."email" = $1 ORDER BY "admin_users"."id" ASC LIMIT $2[0m  [["email", "admin@example.com"], ["LIMIT", 1]]
  ↳ /Users/gordano/.rbenv/versions/2.5.1/lib/ruby/gems/2.5.0/gems/activerecord-5.2.0/lib/active_record/log_subscriber.rb:98
Completed 401 Unauthorized in 10ms (ActiveRecord: 2.1ms)


Processing by ActiveAdmin::Devise::SessionsController#new as HTML
  Parameters: {"utf8"=>"✓", "authenticity_token"=>"M3wXnC+cP67PHKAAANa6b6ycQ1bsUVa8ajMx1LNWFAr5G/ua1vguA7qtoMYru5jxzFNHpsMXyR44nTGcQD+UyQ==", "admin_user"=>{"email"=>"admin@example.com", "password"=>"[FILTERED]", "remember_me"=>"0"}, "commit"=>"Login"}
  Rendering /Users/gordano/.rbenv/versions/2.5.1/lib/ruby/gems/2.5.0/gems/activeadmin-1.3.0/app/views/active_admin/devise/sessions/new.html.erb within layouts/active_admin_logged_out
  Rendered /Users/gordano/.rbenv/versions/2.5.1/lib/ruby/gems/2.5.0/gems/activeadmin-1.3.0/app/views/active_admin/devise/shared/_links.erb (1.6ms)
  Rendered /Users/gordano/.rbenv/versions/2.5.1/lib/ruby/gems/2.5.0/gems/activeadmin-1.3.0/app/views/active_admin/devise/sessions/new.html.erb within layouts/active_admin_logged_out (54.7ms)
Completed 200 OK in 299ms (Views: 163.6ms | ActiveRecord: 0.0ms)


Started POST "/admin/login" for 127.0.0.1 at 2018-07-18 20:36:43 +0300
Processing by ActiveAdmin::Devise::SessionsController#create as HTML
  Parameters: {"utf8"=>"✓", "authenticity_token"=>"7qOlZwpJDcMTwHsuGdbOZOffwHb7OJznRzeigk1K0RskxElh8y0cbmZxe+gyu+z6hxDEhtR+A0UVmaLKviNR2A==", "admin_user"=>{"email"=>"admin@example.com", "password"=>"[FILTERED]", "remember_me"=>"0"}, "commit"=>"Login"}
  [1m[36mAdminUser Load (5.6ms)[0m  [1m[34mSELECT  "admin_users".* FROM "admin_users" WHERE "admin_users"."email" = $1 ORDER BY "admin_users"."id" ASC LIMIT $2[0m  [["email", "admin@example.com"], ["LIMIT", 1]]
  ↳ /Users/gordano/.rbenv/versions/2.5.1/lib/ruby/gems/2.5.0/gems/activerecord-5.2.0/lib/active_record/log_subscriber.rb:98
Completed 401 Unauthorized in 9ms (ActiveRecord: 5.6ms)


Processing by ActiveAdmin::Devise::SessionsController#new as HTML
  Parameters: {"utf8"=>"✓", "authenticity_token"=>"7qOlZwpJDcMTwHsuGdbOZOffwHb7OJznRzeigk1K0RskxElh8y0cbmZxe+gyu+z6hxDEhtR+A0UVmaLKviNR2A==", "admin_user"=>{"email"=>"admin@example.com", "password"=>"[FILTERED]", "remember_me"=>"0"}, "commit"=>"Login"}
  Rendering /Users/gordano/.rbenv/versions/2.5.1/lib/ruby/gems/2.5.0/gems/activeadmin-1.3.0/app/views/active_admin/devise/sessions/new.html.erb within layouts/active_admin_logged_out
  Rendered /Users/gordano/.rbenv/versions/2.5.1/lib/ruby/gems/2.5.0/gems/activeadmin-1.3.0/app/views/active_admin/devise/shared/_links.erb (0.9ms)
  Rendered /Users/gordano/.rbenv/versions/2.5.1/lib/ruby/gems/2.5.0/gems/activeadmin-1.3.0/app/views/active_admin/devise/sessions/new.html.erb within layouts/active_admin_logged_out (35.6ms)
Completed 200 OK in 257ms (Views: 133.1ms | ActiveRecord: 0.0ms)


Started POST "/admin/login" for 127.0.0.1 at 2018-07-18 20:36:50 +0300
Processing by ActiveAdmin::Devise::SessionsController#create as HTML
  Parameters: {"utf8"=>"✓", "authenticity_token"=>"bBxM5k0TGObd1xJ4VT3zczxttsNbtrrZffMGn0tDSySme6DgtHcJS6hmEr5+UNHtXKKyM3TwJXsvXQbXuCrL5w==", "admin_user"=>{"email"=>"admin@example.com", "password"=>"[FILTERED]", "remember_me"=>"0"}, "commit"=>"Login"}
  [1m[36mAdminUser Load (0.8ms)[0m  [1m[34mSELECT  "admin_users".* FROM "admin_users" WHERE "admin_users"."email" = $1 ORDER BY "admin_users"."id" ASC LIMIT $2[0m  [["email", "admin@example.com"], ["LIMIT", 1]]
  ↳ /Users/gordano/.rbenv/versions/2.5.1/lib/ruby/gems/2.5.0/gems/activerecord-5.2.0/lib/active_record/log_subscriber.rb:98
Completed 401 Unauthorized in 5ms (ActiveRecord: 0.8ms)


Processing by ActiveAdmin::Devise::SessionsController#new as HTML
  Parameters: {"utf8"=>"✓", "authenticity_token"=>"bBxM5k0TGObd1xJ4VT3zczxttsNbtrrZffMGn0tDSySme6DgtHcJS6hmEr5+UNHtXKKyM3TwJXsvXQbXuCrL5w==", "admin_user"=>{"email"=>"admin@example.com", "password"=>"[FILTERED]", "remember_me"=>"0"}, "commit"=>"Login"}
  Rendering /Users/gordano/.rbenv/versions/2.5.1/lib/ruby/gems/2.5.0/gems/activeadmin-1.3.0/app/views/active_admin/devise/sessions/new.html.erb within layouts/active_admin_logged_out
  Rendered /Users/gordano/.rbenv/versions/2.5.1/lib/ruby/gems/2.5.0/gems/activeadmin-1.3.0/app/views/active_admin/devise/shared/_links.erb (0.9ms)
  Rendered /Users/gordano/.rbenv/versions/2.5.1/lib/ruby/gems/2.5.0/gems/activeadmin-1.3.0/app/views/active_admin/devise/sessions/new.html.erb within layouts/active_admin_logged_out (48.6ms)
Completed 200 OK in 296ms (Views: 162.0ms | ActiveRecord: 0.0ms)


  [1m[36mUser Load (1.2ms)[0m  [1m[34mSELECT  "users".* FROM "users" LIMIT $1[0m  [["LIMIT", 11]]
  [1m[35m (0.8ms)[0m  [1m[34mSELECT COUNT(*) FROM "users"[0m
  [1m[36mUser Exists (1.3ms)[0m  [1m[34mSELECT  1 AS one FROM "users" WHERE "users"."email" = $1 LIMIT $2[0m  [["email", "headbat@gmail.com"], ["LIMIT", 1]]
  [1m[35m (0.3ms)[0m  [1m[35mBEGIN[0m
  [1m[36mUser Exists (0.4ms)[0m  [1m[34mSELECT  1 AS one FROM "users" WHERE "users"."email" = $1 LIMIT $2[0m  [["email", "headbat@gmail.com"], ["LIMIT", 1]]
  [1m[36mUser Create (1.1ms)[0m  [1m[32mINSERT INTO "users" ("email", "encrypted_password", "created_at", "updated_at") VALUES ($1, $2, $3, $4) RETURNING "id"[0m  [["email", "headbat@gmail.com"], ["encrypted_password", "$2a$11$y5L.vd2K5S4F9NVNsa/RQ.xbphCLiWdG6IZv13lK2tKZWU2LnPufC"], ["created_at", "2018-07-18 17:40:23.450665"], ["updated_at", "2018-07-18 17:40:23.450665"]]
  [1m[35m (0.5ms)[0m  [1m[35mCOMMIT[0m
Started POST "/admin/login" for 127.0.0.1 at 2018-07-18 20:40:50 +0300
  [1m[35m (1.1ms)[0m  [1m[34mSELECT "schema_migrations"."version" FROM "schema_migrations" ORDER BY "schema_migrations"."version" ASC[0m
  ↳ /Users/gordano/.rbenv/versions/2.5.1/lib/ruby/gems/2.5.0/gems/activerecord-5.2.0/lib/active_record/log_subscriber.rb:98
Processing by ActiveAdmin::Devise::SessionsController#create as HTML
  Parameters: {"utf8"=>"✓", "authenticity_token"=>"I6zARZER6w9aEgC43mMuKBzgVFomMS5BLBB1II8jQs/pyyxDaHX6oi+jAH71Dgy2fC9Qqgl3seN+vnVofErCDA==", "admin_user"=>{"email"=>"headbat@gmail.com", "password"=>"[FILTERED]", "remember_me"=>"0"}, "commit"=>"Login"}
  [1m[36mAdminUser Load (0.9ms)[0m  [1m[34mSELECT  "admin_users".* FROM "admin_users" WHERE "admin_users"."email" = $1 ORDER BY "admin_users"."id" ASC LIMIT $2[0m  [["email", "headbat@gmail.com"], ["LIMIT", 1]]
  ↳ /Users/gordano/.rbenv/versions/2.5.1/lib/ruby/gems/2.5.0/gems/activerecord-5.2.0/lib/active_record/log_subscriber.rb:98
Completed 401 Unauthorized in 24ms (ActiveRecord: 5.9ms)


Processing by ActiveAdmin::Devise::SessionsController#new as HTML
  Parameters: {"utf8"=>"✓", "authenticity_token"=>"I6zARZER6w9aEgC43mMuKBzgVFomMS5BLBB1II8jQs/pyyxDaHX6oi+jAH71Dgy2fC9Qqgl3seN+vnVofErCDA==", "admin_user"=>{"email"=>"headbat@gmail.com", "password"=>"[FILTERED]", "remember_me"=>"0"}, "commit"=>"Login"}
  Rendering /Users/gordano/.rbenv/versions/2.5.1/lib/ruby/gems/2.5.0/gems/activeadmin-1.3.0/app/views/active_admin/devise/sessions/new.html.erb within layouts/active_admin_logged_out
  Rendered /Users/gordano/.rbenv/versions/2.5.1/lib/ruby/gems/2.5.0/gems/activeadmin-1.3.0/app/views/active_admin/devise/shared/_links.erb (2.6ms)
  Rendered /Users/gordano/.rbenv/versions/2.5.1/lib/ruby/gems/2.5.0/gems/activeadmin-1.3.0/app/views/active_admin/devise/sessions/new.html.erb within layouts/active_admin_logged_out (59.0ms)
Completed 200 OK in 651ms (Views: 505.3ms | ActiveRecord: 0.0ms)


  [1m[35m (0.7ms)[0m  [1m[34mSELECT "schema_migrations"."version" FROM "schema_migrations" ORDER BY "schema_migrations"."version" ASC[0m
  ↳ /Users/gordano/.rbenv/versions/2.5.1/bin/rake:23
  [1m[35m (0.3ms)[0m  [1m[35mBEGIN[0m
  ↳ db/seeds.rb:8
  [1m[36mAdminUser Exists (0.7ms)[0m  [1m[34mSELECT  1 AS one FROM "admin_users" WHERE "admin_users"."email" = $1 LIMIT $2[0m  [["email", "admin@example.com"], ["LIMIT", 1]]
  ↳ db/seeds.rb:8
  [1m[36mAdminUser Create (0.8ms)[0m  [1m[32mINSERT INTO "admin_users" ("email", "encrypted_password", "created_at", "updated_at") VALUES ($1, $2, $3, $4) RETURNING "id"[0m  [["email", "admin@example.com"], ["encrypted_password", "$2a$11$sC1k8rJmelzuYgdxoJSeye/BLW7G1U8HVx6t5TOwrbAqNE.bHTvWK"], ["created_at", "2018-07-18 17:42:35.603451"], ["updated_at", "2018-07-18 17:42:35.603451"]]
  ↳ db/seeds.rb:8
  [1m[35m (0.5ms)[0m  [1m[35mCOMMIT[0m
  ↳ db/seeds.rb:8
Started POST "/admin/login" for 127.0.0.1 at 2018-07-18 20:43:02 +0300
  [1m[35m (0.7ms)[0m  [1m[34mSELECT "schema_migrations"."version" FROM "schema_migrations" ORDER BY "schema_migrations"."version" ASC[0m
  ↳ /Users/gordano/.rbenv/versions/2.5.1/lib/ruby/gems/2.5.0/gems/activerecord-5.2.0/lib/active_record/log_subscriber.rb:98
Processing by ActiveAdmin::Devise::SessionsController#create as HTML
  Parameters: {"utf8"=>"✓", "authenticity_token"=>"jjtHWdMxQRiQQMQzWUSPTY/jJHxByUprtFjWVJoIyy1EXKtfKlVQteXxxPVyKa3T7ywgjG6P1cnm9tYcaWFL7g==", "admin_user"=>{"email"=>"admin@example.com", "password"=>"[FILTERED]", "remember_me"=>"0"}, "commit"=>"Login"}
  [1m[36mAdminUser Load (1.0ms)[0m  [1m[34mSELECT  "admin_users".* FROM "admin_users" WHERE "admin_users"."email" = $1 ORDER BY "admin_users"."id" ASC LIMIT $2[0m  [["email", "admin@example.com"], ["LIMIT", 1]]
  ↳ /Users/gordano/.rbenv/versions/2.5.1/lib/ruby/gems/2.5.0/gems/activerecord-5.2.0/lib/active_record/log_subscriber.rb:98
  [1m[35m (0.3ms)[0m  [1m[35mBEGIN[0m
  ↳ /Users/gordano/.rbenv/versions/2.5.1/lib/ruby/gems/2.5.0/gems/activerecord-5.2.0/lib/active_record/log_subscriber.rb:98
  [1m[36mAdminUser Update (1.2ms)[0m  [1m[33mUPDATE "admin_users" SET "current_sign_in_at" = $1, "last_sign_in_at" = $2, "current_sign_in_ip" = $3, "last_sign_in_ip" = $4, "sign_in_count" = $5, "updated_at" = $6 WHERE "admin_users"."id" = $7[0m  [["current_sign_in_at", "2018-07-18 17:43:02.710659"], ["last_sign_in_at", "2018-07-18 17:43:02.710659"], ["current_sign_in_ip", "127.0.0.1/32"], ["last_sign_in_ip", "127.0.0.1/32"], ["sign_in_count", 1], ["updated_at", "2018-07-18 17:43:02.712302"], ["id", 1]]
  ↳ /Users/gordano/.rbenv/versions/2.5.1/lib/ruby/gems/2.5.0/gems/activerecord-5.2.0/lib/active_record/log_subscriber.rb:98
  [1m[35m (0.5ms)[0m  [1m[35mCOMMIT[0m
  ↳ /Users/gordano/.rbenv/versions/2.5.1/lib/ruby/gems/2.5.0/gems/activerecord-5.2.0/lib/active_record/log_subscriber.rb:98
Redirected to http://localhost:3000/admin
Completed 302 Found in 230ms (ActiveRecord: 8.0ms)


Started GET "/admin" for 127.0.0.1 at 2018-07-18 20:43:02 +0300
Processing by Admin::DashboardController#index as HTML
  [1m[36mAdminUser Load (0.6ms)[0m  [1m[34mSELECT  "admin_users".* FROM "admin_users" WHERE "admin_users"."id" = $1 ORDER BY "admin_users"."id" ASC LIMIT $2[0m  [["id", 1], ["LIMIT", 1]]
  ↳ /Users/gordano/.rbenv/versions/2.5.1/lib/ruby/gems/2.5.0/gems/activerecord-5.2.0/lib/active_record/log_subscriber.rb:98
  Rendering /Users/gordano/.rbenv/versions/2.5.1/lib/ruby/gems/2.5.0/gems/activeadmin-1.3.0/app/views/active_admin/page/index.html.arb
  Rendered /Users/gordano/.rbenv/versions/2.5.1/lib/ruby/gems/2.5.0/gems/activeadmin-1.3.0/app/views/active_admin/page/index.html.arb (546.8ms)
Completed 200 OK in 561ms (Views: 554.5ms | ActiveRecord: 0.6ms)


Started GET "/admin/logout" for 127.0.0.1 at 2018-07-18 20:43:10 +0300
Processing by ActiveAdmin::Devise::SessionsController#destroy as HTML
  Parameters: {"authenticity_token"=>"73ecCodF79Cc83sJpwXIQScxgdRfWDgtiu2rUIhNgRM6iGcYelsLpXnyEV5RE0GSmAZCoZhfMweUtKqjDev3dQ=="}
  [1m[36mAdminUser Load (0.5ms)[0m  [1m[34mSELECT  "admin_users".* FROM "admin_users" WHERE "admin_users"."id" = $1 ORDER BY "admin_users"."id" ASC LIMIT $2[0m  [["id", 1], ["LIMIT", 1]]
  ↳ /Users/gordano/.rbenv/versions/2.5.1/lib/ruby/gems/2.5.0/gems/activerecord-5.2.0/lib/active_record/log_subscriber.rb:98
  [1m[35m (0.3ms)[0m  [1m[35mBEGIN[0m
  ↳ /Users/gordano/.rbenv/versions/2.5.1/lib/ruby/gems/2.5.0/gems/activerecord-5.2.0/lib/active_record/log_subscriber.rb:98
  [1m[35m (0.2ms)[0m  [1m[35mCOMMIT[0m
  ↳ /Users/gordano/.rbenv/versions/2.5.1/lib/ruby/gems/2.5.0/gems/activerecord-5.2.0/lib/active_record/log_subscriber.rb:98
Redirected to http://localhost:3000/admin
Completed 302 Found in 10ms (ActiveRecord: 1.0ms)


Started GET "/admin" for 127.0.0.1 at 2018-07-18 20:43:10 +0300
Processing by Admin::DashboardController#index as HTML
Completed 401 Unauthorized in 3ms (ActiveRecord: 0.0ms)


Started GET "/admin/login" for 127.0.0.1 at 2018-07-18 20:43:10 +0300
Processing by ActiveAdmin::Devise::SessionsController#new as HTML
  Rendering /Users/gordano/.rbenv/versions/2.5.1/lib/ruby/gems/2.5.0/gems/activeadmin-1.3.0/app/views/active_admin/devise/sessions/new.html.erb within layouts/active_admin_logged_out
  Rendered /Users/gordano/.rbenv/versions/2.5.1/lib/ruby/gems/2.5.0/gems/activeadmin-1.3.0/app/views/active_admin/devise/shared/_links.erb (1.2ms)
  Rendered /Users/gordano/.rbenv/versions/2.5.1/lib/ruby/gems/2.5.0/gems/activeadmin-1.3.0/app/views/active_admin/devise/sessions/new.html.erb within layouts/active_admin_logged_out (89.4ms)
Completed 200 OK in 224ms (Views: 220.9ms | ActiveRecord: 0.0ms)


